<?xml version="1.0" encoding="UTF-8"?>
<!-- Generated by org.testng.reporters.JUnitReportReporter -->
<testsuite hostname="DESKTOP-23744SG" name="com.test.FruitTest" tests="4" failures="0" timestamp="15 Feb 2024 16:29:49 GMT" time="0.042" errors="0">
  <testcase name="orange" time="0.002" classname="com.test.FruitTest"/>
  <testcase name="apple" time="0.002" classname="com.test.FruitTest"/>
  <testcase name="grape" time="0.031" classname="com.test.FruitTest"/>
  <testcase name="banana" time="0.007" classname="com.test.FruitTest"/>
</testsuite> <!-- com.test.FruitTest -->
