<?xml version="1.0" encoding="UTF-8"?>
<!-- Generated by org.testng.reporters.JUnitReportReporter -->
<testsuite hostname="DESKTOP-23744SG" name="com.Api.ListTest1" tests="1" failures="0" timestamp="15 Feb 2024 12:46:15 GMT" time="4.493" errors="0">
  <testcase name="resource" time="4.493" classname="com.Api.ListTest1"/>
</testsuite> <!-- com.Api.ListTest1 -->
