<?xml version="1.0" encoding="UTF-8"?>
<!-- Generated by org.testng.reporters.JUnitReportReporter -->
<testsuite hostname="DESKTOP-23744SG" name="com.test.BookingTest1" tests="1" failures="0" timestamp="15 Feb 2024 16:23:24 GMT" time="6.147" errors="0">
  <testcase name="user" time="6.147" classname="com.test.BookingTest1"/>
</testsuite> <!-- com.test.BookingTest1 -->
