<?xml version="1.0" encoding="UTF-8"?>
<!-- Generated by org.testng.reporters.JUnitReportReporter -->
<testsuite hostname="DESKTOP-23744SG" name="com.Api.SingleTest" tests="1" failures="0" timestamp="15 Feb 2024 11:02:45 GMT" time="3.503" errors="0">
  <testcase name="user" time="3.503" classname="com.Api.SingleTest"/>
</testsuite> <!-- com.Api.SingleTest -->
