<?xml version="1.0" encoding="UTF-8"?>
<!-- Generated by org.testng.reporters.JUnitReportReporter -->
<testsuite hostname="DESKTOP-CQPGLJ4" failures="0" tests="1" name="groups.Api.APIrestassured" time="13.232" errors="0" timestamp="28 Feb 2024 16:27:08 GMT" skipped="0">
  <testcase classname="groups.Api.APIrestassured" name="PostRequest" time="13.232"/>
</testsuite> <!-- groups.Api.APIrestassured -->
