<?xml version="1.0" encoding="UTF-8"?>
<!-- Generated by org.testng.reporters.JUnitReportReporter -->
<testsuite hostname="DESKTOP-23744SG" name="groups.Api.FirstUser4" tests="1" failures="0" timestamp="20 Feb 2024 11:55:54 GMT" time="3.530" errors="0">
  <testcase name="Firstuser4" time="3.530" classname="groups.Api.FirstUser4"/>
</testsuite> <!-- groups.Api.FirstUser4 -->
