<?xml version="1.0" encoding="UTF-8"?>
<!-- Generated by org.testng.reporters.JUnitReportReporter -->
<testsuite hostname="DESKTOP-23744SG" name="com.Api.FirstUser" tests="1" failures="0" timestamp="22 Feb 2024 15:45:56 GMT" time="6.160" errors="0">
  <testcase name="Firstuser" time="6.160" classname="com.Api.FirstUser"/>
</testsuite> <!-- com.Api.FirstUser -->
