<?xml version="1.0" encoding="UTF-8"?>
<!-- Generated by org.testng.reporters.JUnitReportReporter -->
<testsuite hostname="DESKTOP-23744SG" name="com.test.NumbersTest" tests="1" failures="0" timestamp="15 Feb 2024 15:58:21 GMT" time="0.044" errors="0">
  <testcase name="one" time="0.044" classname="com.test.NumbersTest"/>
</testsuite> <!-- com.test.NumbersTest -->
