<?xml version="1.0" encoding="UTF-8"?>
<!-- Generated by org.testng.reporters.JUnitReportReporter -->
<testsuite hostname="DESKTOP-23744SG" name="com.Api.ApiDouble" tests="1" failures="0" timestamp="20 Feb 2024 16:00:49 GMT" time="13.143" errors="0">
  <testcase name="user" time="13.143" classname="com.Api.ApiDouble"/>
</testsuite> <!-- com.Api.ApiDouble -->
