<?xml version="1.0" encoding="UTF-8"?>
<!-- Generated by org.testng.reporters.JUnitReportReporter -->
<testsuite hostname="DESKTOP-23744SG" name="com.Api.SingleApi" tests="1" failures="0" timestamp="15 Feb 2024 11:02:13 GMT" time="6.962" errors="0">
  <testcase name="user" time="6.962" classname="com.Api.SingleApi"/>
</testsuite> <!-- com.Api.SingleApi -->
