<?xml version="1.0" encoding="UTF-8"?>
<!-- Generated by org.testng.reporters.JUnitReportReporter -->
<testsuite hostname="DESKTOP-23744SG" name="com.test.BookingTest" tests="1" failures="0" timestamp="15 Feb 2024 16:14:21 GMT" time="8.262" errors="0">
  <testcase name="user" time="8.262" classname="com.test.BookingTest"/>
</testsuite> <!-- com.test.BookingTest -->
