<?xml version="1.0" encoding="UTF-8"?>
<!-- Generated by org.testng.reporters.JUnitReportReporter -->
<testsuite hostname="DESKTOP-23744SG" name="com.All.FirstUser2" tests="1" failures="0" timestamp="20 Feb 2024 12:22:22 GMT" time="0.096" errors="0">
  <testcase name="Firstuser2" time="0.096" classname="com.All.FirstUser2"/>
</testsuite> <!-- com.All.FirstUser2 -->
