<?xml version="1.0" encoding="UTF-8"?>
<!-- Generated by org.testng.reporters.JUnitReportReporter -->
<testsuite hostname="DESKTOP-CQPGLJ4" failures="0" tests="1" name="groups.Api.FirstUser" time="40.265" errors="0" timestamp="28 Feb 2024 16:24:46 GMT" skipped="0">
  <testcase classname="groups.Api.FirstUser" name="Firstuser" time="40.265"/>
</testsuite> <!-- groups.Api.FirstUser -->
