<?xml version="1.0" encoding="UTF-8"?>
<!-- Generated by org.testng.reporters.JUnitReportReporter -->
<testsuite hostname="DESKTOP-23744SG" name="com.All.FirstUser1" tests="1" failures="0" timestamp="20 Feb 2024 12:22:22 GMT" time="0.100" errors="0">
  <testcase name="Firstuser1" time="0.100" classname="com.All.FirstUser1"/>
</testsuite> <!-- com.All.FirstUser1 -->
