<?xml version="1.0" encoding="UTF-8"?>
<!-- Generated by org.testng.reporters.JUnitReportReporter -->
<testsuite hostname="DESKTOP-23744SG" name="com.Api.FirstUser1" tests="1" failures="0" timestamp="22 Feb 2024 15:45:56 GMT" time="0.155" errors="0">
  <testcase name="Firstuser1" time="0.155" classname="com.Api.FirstUser1"/>
</testsuite> <!-- com.Api.FirstUser1 -->
