<?xml version="1.0" encoding="UTF-8"?>
<!-- Generated by org.testng.reporters.JUnitReportReporter -->
<testsuite hostname="DESKTOP-23744SG" name="com.Api.ResourceListTest" tests="1" failures="0" timestamp="15 Feb 2024 15:47:18 GMT" time="8.117" errors="0">
  <testcase name="resource" time="8.117" classname="com.Api.ResourceListTest"/>
</testsuite> <!-- com.Api.ResourceListTest -->
