<?xml version="1.0" encoding="UTF-8"?>
<!-- Generated by org.testng.reporters.JUnitReportReporter -->
<testsuite hostname="DESKTOP-23744SG" name="groups.Api.FirstUser" tests="1" failures="0" timestamp="20 Feb 2024 16:12:44 GMT" time="14.819" errors="0">
  <testcase name="Firstuser" time="14.819" classname="groups.Api.FirstUser"/>
</testsuite> <!-- groups.Api.FirstUser -->
