<?xml version="1.0" encoding="UTF-8"?>
<!-- Generated by org.testng.reporters.JUnitReportReporter -->
<testsuite hostname="DESKTOP-23744SG" name="com.test.ResourceListTest" tests="3" failures="0" timestamp="15 Feb 2024 16:10:39 GMT" time="7.636" errors="0">
  <testcase name="resource" time="6.973" classname="com.test.ResourceListTest"/>
  <testcase name="resource" time="0.342" classname="com.test.ResourceListTest"/>
  <testcase name="resource" time="0.321" classname="com.test.ResourceListTest"/>
</testsuite> <!-- com.test.ResourceListTest -->
