<?xml version="1.0" encoding="UTF-8"?>
<!-- Generated by org.testng.reporters.JUnitReportReporter -->
<testsuite hostname="DESKTOP-23744SG" name="com.ext.ReportsTest" tests="1" failures="0" timestamp="21 Feb 2024 16:28:59 GMT" time="26.755" errors="0">
  <testcase name="report" time="26.755" classname="com.ext.ReportsTest"/>
</testsuite> <!-- com.ext.ReportsTest -->
