<?xml version="1.0" encoding="UTF-8"?>
<!-- Generated by org.testng.reporters.JUnitReportReporter -->
<testsuite skipped="0" hostname="DESKTOP-23744SG" name="com.Api.FirstUser3" tests="1" failures="0" timestamp="23 Feb 2024 15:46:11 GMT" time="0.149" errors="0">
  <testcase name="Firstuser3" time="0.149" classname="com.Api.FirstUser3"/>
</testsuite> <!-- com.Api.FirstUser3 -->
