<?xml version="1.0" encoding="UTF-8"?>
<!-- Generated by org.testng.reporters.JUnitReportReporter -->
<testsuite skipped="0" hostname="DESKTOP-23744SG" name="com.Api.FirstUser4" tests="2" failures="0" timestamp="23 Feb 2024 15:46:11 GMT" time="1.066" errors="0">
  <testcase name="Firstuser4" time="0.146" classname="com.Api.FirstUser4"/>
  <testcase name="Firstuser4" time="0.920" classname="com.Api.FirstUser4"/>
</testsuite> <!-- com.Api.FirstUser4 -->
