<?xml version="1.0" encoding="UTF-8"?>
<!-- Generated by org.testng.reporters.JUnitReportReporter -->
<testsuite skipped="0" hostname="DESKTOP-23744SG" name="com.Api.FirstUser1" tests="2" failures="0" timestamp="23 Feb 2024 15:46:11 GMT" time="0.268" errors="0">
  <testcase name="Firstuser1" time="0.128" classname="com.Api.FirstUser1"/>
  <testcase name="Firstuser1" time="0.140" classname="com.Api.FirstUser1"/>
</testsuite> <!-- com.Api.FirstUser1 -->
