<?xml version="1.0" encoding="UTF-8"?>
<!-- Generated by org.testng.reporters.JUnitReportReporter -->
<testsuite skipped="0" hostname="DESKTOP-23744SG" name="com.Api.FirstUser" tests="2" failures="0" timestamp="23 Feb 2024 15:46:11 GMT" time="4.597" errors="0">
  <testcase name="Firstuser" time="4.459" classname="com.Api.FirstUser"/>
  <testcase name="Firstuser" time="0.138" classname="com.Api.FirstUser"/>
</testsuite> <!-- com.Api.FirstUser -->
