<?xml version="1.0" encoding="UTF-8"?>
<!-- Generated by org.testng.reporters.JUnitReportReporter -->
<testsuite skipped="0" hostname="DESKTOP-23744SG" name="com.Api.FirstUser2" tests="3" failures="0" timestamp="23 Feb 2024 15:46:11 GMT" time="0.401" errors="0">
  <testcase name="Firstuser2" time="0.129" classname="com.Api.FirstUser2"/>
  <testcase name="Firstuser2" time="0.137" classname="com.Api.FirstUser2"/>
  <testcase name="Firstuser2" time="0.135" classname="com.Api.FirstUser2"/>
</testsuite> <!-- com.Api.FirstUser2 -->
